#
# A fatal error has been detected by the Java Runtime Environment:
#
#  Internal Error (os_windows_x86.cpp:144), pid=20472, tid=0x0000000000004890
#  guarantee(result == EXCEPTION_CONTINUE_EXECUTION) failed: Unexpected result from topLevelExceptionFilter
#
# JRE version: Java(TM) SE Runtime Environment (8.0_202-b08) (build 1.8.0_202-b08)
# Java VM: Java HotSpot(TM) 64-Bit Server VM (25.202-b08 mixed mode windows-amd64 compressed oops)
# Failed to write core dump. Minidumps are not enabled by default on client versions of Windows
#
# If you would like to submit a bug report, please visit:
#   http://bugreport.java.com/bugreport/crash.jsp
# The crash happened outside the Java Virtual Machine in native code.
# See problematic frame for where to report the bug.
#

---------------  T H R E A D  ---------------

Current thread (0x000001b36dd69000):  JavaThread "Python Reference Queue" daemon [_thread_in_native, id=18576, stack(0x0000008ee38a0000,0x0000008ee3a90000)]

Stack: [0x0000008ee38a0000,0x0000008ee3a90000]
[error occurred during error reporting (printing stack bounds), id 0xc0000005]

Native frames: (J=compiled Java code, j=interpreted, Vv=VM code, C=native code)

Java frames: (J=compiled Java code, j=interpreted, Vv=VM code)
j  org.jpype.ref.JPypeReferenceNative.wake()V+0
j  org.jpype.ref.JPypeReferenceQueue$Worker.run()V+42
j  java.lang.Thread.run()V+11
v  ~StubRoutines::call_stub

---------------  P R O C E S S  ---------------

Java Threads: ( => current thread )
  0x000001b36de24800 JavaThread "Thread-1" daemon [_thread_in_native, id=14188, stack(0x0000008edd000000,0x0000008edd1f0000)]
=>0x000001b36dd69000 JavaThread "Python Reference Queue" daemon [_thread_in_native, id=18576, stack(0x0000008ee38a0000,0x0000008ee3a90000)]
  0x000001b36cc9b000 JavaThread "Service Thread" daemon [_thread_blocked, id=10456, stack(0x0000008ee34c0000,0x0000008ee36b0000)]
  0x000001b36cc92000 JavaThread "C1 CompilerThread3" daemon [_thread_blocked, id=6640, stack(0x0000008ee32d0000,0x0000008ee34c0000)]
  0x000001b36b55e000 JavaThread "C2 CompilerThread2" daemon [_thread_blocked, id=6296, stack(0x0000008ee30e0000,0x0000008ee32d0000)]
  0x000001b36b55d800 JavaThread "C2 CompilerThread1" daemon [_thread_blocked, id=18436, stack(0x0000008ee2ef0000,0x0000008ee30e0000)]
  0x000001b36b55c800 JavaThread "C2 CompilerThread0" daemon [_thread_blocked, id=2648, stack(0x0000008ee2d00000,0x0000008ee2ef0000)]
  0x000001b36cc35800 JavaThread "Attach Listener" daemon [_thread_blocked, id=18912, stack(0x0000008ee2b10000,0x0000008ee2d00000)]
  0x000001b36cc34800 JavaThread "Signal Dispatcher" daemon [_thread_blocked, id=1412, stack(0x0000008ee2920000,0x0000008ee2b10000)]
  0x000001b3591ac000 JavaThread "Finalizer" daemon [_thread_blocked, id=13288, stack(0x0000008ee2730000,0x0000008ee2920000)]
  0x000001b36b54d800 JavaThread "Reference Handler" daemon [_thread_blocked, id=5232, stack(0x0000008ee2540000,0x0000008ee2730000)]
  0x000001b3590b3800 JavaThread "main" [_thread_in_native, id=9532, stack(0x0000008ee0e00000,0x0000008ee0ff0000)]

Other Threads:
  0x000001b36b546800 VMThread [stack: 0x0000008ee2350000,0x0000008ee2540000] [id=4100]
  0x000001b36cd45000 WatcherThread [stack: 0x0000008ee36b0000,0x0000008ee38a0000] [id=6512]

VM state:not at safepoint (normal execution)

VM Mutex/Monitor currently owned by a thread: None

heap address: 0x00000000c0000000, size: 1024 MB, Compressed Oops mode: 32-bit
Narrow klass base: 0x0000000000000000, Narrow klass shift: 3
Compressed class space size: 1073741824 Address: 0x0000000100000000

Heap:
 PSYoungGen      total 268800K, used 460K [0x00000000eab00000, 0x00000000fbc00000, 0x0000000100000000)
  eden space 258048K, 0% used [0x00000000eab00000,0x00000000eab732c8,0x00000000fa700000)
  from space 10752K, 0% used [0x00000000fb180000,0x00000000fb180000,0x00000000fbc00000)
  to   space 10752K, 0% used [0x00000000fa700000,0x00000000fa700000,0x00000000fb180000)
 ParOldGen       total 172032K, used 72452K [0x00000000c0000000, 0x00000000ca800000, 0x00000000eab00000)
  object space 172032K, 42% used [0x00000000c0000000,0x00000000c46c1198,0x00000000ca800000)
 Metaspace       used 14160K, capacity 14812K, committed 15104K, reserved 1062912K
  class space    used 2119K, capacity 2293K, committed 2304K, reserved 1048576K

Card table byte_map: [0x000001b3685f0000,0x000001b368800000] byte_map_base: 0x000001b367ff0000

Marking Bits: (ParMarkBitMap*) 0x0000000076725ce0
 Begin Bits: [0x000001b368960000, 0x000001b369960000)
 End Bits:   [0x000001b369960000, 0x000001b36a960000)

Polling page: 0x000001b358120000

CodeCache: size=245760Kb used=10647Kb max_used=10690Kb free=235113Kb
 bounds [0x000001b359230000, 0x000001b359cb0000, 0x000001b368230000]
 total_blobs=3453 nmethods=3083 adapters=282
 compilation: enabled

Compilation events (10 events):
Event: 9.157 Thread 0x000001b36b55e000 nmethod 3101 0x000001b359c829d0 code [0x000001b359c82b20, 0x000001b359c82c18]
Event: 9.157 Thread 0x000001b36b55e000 3072       4       scala.collection.TraversableOnce::nonEmpty (13 bytes)
Event: 9.157 Thread 0x000001b36cc92000 nmethod 3109 0x000001b359c82fd0 code [0x000001b359c831c0, 0x000001b359c83c10]
Event: 9.158 Thread 0x000001b36b55e000 nmethod 3072 0x000001b359c56e90 code [0x000001b359c56fe0, 0x000001b359c57078]
Event: 9.165 Thread 0x000001b36b55c800 nmethod 3100 0x000001b359c86250 code [0x000001b359c86460, 0x000001b359c86b70]
Event: 9.390 Thread 0x000001b36b55d800 nmethod 3046 0x000001b359c94cd0 code [0x000001b359c95620, 0x000001b359c9daa0]
Event: 33.451 Thread 0x000001b36cc92000 3110       1       org.jpype.ref.JPypeReferenceQueue::access$100 (5 bytes)
Event: 33.452 Thread 0x000001b36cc92000 nmethod 3110 0x000001b359c78e90 code [0x000001b359c78fe0, 0x000001b359c790d8]
Event: 33.709 Thread 0x000001b36cc92000 3111       1       org.jpype.ref.JPypeReferenceQueue::access$200 (5 bytes)
Event: 33.709 Thread 0x000001b36cc92000 nmethod 3111 0x000001b359c82d10 code [0x000001b359c82e60, 0x000001b359c82f58]

GC Heap History (10 events):
Event: 9.287 GC heap before
{Heap before GC invocations=37 (full 17):
 PSYoungGen      total 268800K, used 160K [0x00000000eab00000, 0x00000000fbc00000, 0x0000000100000000)
  eden space 258048K, 0% used [0x00000000eab00000,0x00000000eab00000,0x00000000fa700000)
  from space 10752K, 1% used [0x00000000fb180000,0x00000000fb1a8000,0x00000000fbc00000)
  to   space 10752K, 0% used [0x00000000fa700000,0x00000000fa700000,0x00000000fb180000)
 ParOldGen       total 172032K, used 72455K [0x00000000c0000000, 0x00000000ca800000, 0x00000000eab00000)
  object space 172032K, 42% used [0x00000000c0000000,0x00000000c46c1e78,0x00000000ca800000)
 Metaspace       used 14160K, capacity 14812K, committed 15104K, reserved 1062912K
  class space    used 2119K, capacity 2293K, committed 2304K, reserved 1048576K
Event: 9.383 GC heap after
Heap after GC invocations=37 (full 17):
 PSYoungGen      total 268800K, used 0K [0x00000000eab00000, 0x00000000fbc00000, 0x0000000100000000)
  eden space 258048K, 0% used [0x00000000eab00000,0x00000000eab00000,0x00000000fa700000)
  from space 10752K, 0% used [0x00000000fb180000,0x00000000fb180000,0x00000000fbc00000)
  to   space 10752K, 0% used [0x00000000fa700000,0x00000000fa700000,0x00000000fb180000)
 ParOldGen       total 172032K, used 72452K [0x00000000c0000000, 0x00000000ca800000, 0x00000000eab00000)
  object space 172032K, 42% used [0x00000000c0000000,0x00000000c46c11a8,0x00000000ca800000)
 Metaspace       used 14160K, capacity 14812K, committed 15104K, reserved 1062912K
  class space    used 2119K, capacity 2293K, committed 2304K, reserved 1048576K
}
Event: 9.807 GC heap before
{Heap before GC invocations=38 (full 17):
 PSYoungGen      total 268800K, used 460K [0x00000000eab00000, 0x00000000fbc00000, 0x0000000100000000)
  eden space 258048K, 0% used [0x00000000eab00000,0x00000000eab732c8,0x00000000fa700000)
  from space 10752K, 0% used [0x00000000fb180000,0x00000000fb180000,0x00000000fbc00000)
  to   space 10752K, 0% used [0x00000000fa700000,0x00000000fa700000,0x00000000fb180000)
 ParOldGen       total 172032K, used 72452K [0x00000000c0000000, 0x00000000ca800000, 0x00000000eab00000)
  object space 172032K, 42% used [0x00000000c0000000,0x00000000c46c11a8,0x00000000ca800000)
 Metaspace       used 14160K, capacity 14812K, committed 15104K, reserved 1062912K
  class space    used 2119K, capacity 2293K, committed 2304K, reserved 1048576K
Event: 9.808 GC heap after
Heap after GC invocations=38 (full 17):
 PSYoungGen      total 268800K, used 64K [0x00000000eab00000, 0x00000000fbc00000, 0x0000000100000000)
  eden space 258048K, 0% used [0x00000000eab00000,0x00000000eab00000,0x00000000fa700000)
  from space 10752K, 0% used [0x00000000fa700000,0x00000000fa710000,0x00000000fb180000)
  to   space 10752K, 0% used [0x00000000fb180000,0x00000000fb180000,0x00000000fbc00000)
 ParOldGen       total 172032K, used 72452K [0x00000000c0000000, 0x00000000ca800000, 0x00000000eab00000)
  object space 172032K, 42% used [0x00000000c0000000,0x00000000c46c11a8,0x00000000ca800000)
 Metaspace       used 14160K, capacity 14812K, committed 15104K, reserved 1062912K
  class space    used 2119K, capacity 2293K, committed 2304K, reserved 1048576K
}
Event: 9.808 GC heap before
{Heap before GC invocations=39 (full 18):
 PSYoungGen      total 268800K, used 64K [0x00000000eab00000, 0x00000000fbc00000, 0x0000000100000000)
  eden space 258048K, 0% used [0x00000000eab00000,0x00000000eab00000,0x00000000fa700000)
  from space 10752K, 0% used [0x00000000fa700000,0x00000000fa710000,0x00000000fb180000)
  to   space 10752K, 0% used [0x00000000fb180000,0x00000000fb180000,0x00000000fbc00000)
 ParOldGen       total 172032K, used 72452K [0x00000000c0000000, 0x00000000ca800000, 0x00000000eab00000)
  object space 172032K, 42% used [0x00000000c0000000,0x00000000c46c11a8,0x00000000ca800000)
 Metaspace       used 14160K, capacity 14812K, committed 15104K, reserved 1062912K
  class space    used 2119K, capacity 2293K, committed 2304K, reserved 1048576K
Event: 9.882 GC heap after
Heap after GC invocations=39 (full 18):
 PSYoungGen      total 268800K, used 0K [0x00000000eab00000, 0x00000000fbc00000, 0x0000000100000000)
  eden space 258048K, 0% used [0x00000000eab00000,0x00000000eab00000,0x00000000fa700000)
  from space 10752K, 0% used [0x00000000fa700000,0x00000000fa700000,0x00000000fb180000)
  to   space 10752K, 0% used [0x00000000fb180000,0x00000000fb180000,0x00000000fbc00000)
 ParOldGen       total 172032K, used 72452K [0x00000000c0000000, 0x00000000ca800000, 0x00000000eab00000)
  object space 172032K, 42% used [0x00000000c0000000,0x00000000c46c11a8,0x00000000ca800000)
 Metaspace       used 14160K, capacity 14812K, committed 15104K, reserved 1062912K
  class space    used 2119K, capacity 2293K, committed 2304K, reserved 1048576K
}
Event: 56.592 GC heap before
{Heap before GC invocations=40 (full 18):
 PSYoungGen      total 268800K, used 460K [0x00000000eab00000, 0x00000000fbc00000, 0x0000000100000000)
  eden space 258048K, 0% used [0x00000000eab00000,0x00000000eab732c8,0x00000000fa700000)
  from space 10752K, 0% used [0x00000000fa700000,0x00000000fa700000,0x00000000fb180000)
  to   space 10752K, 0% used [0x00000000fb180000,0x00000000fb180000,0x00000000fbc00000)
 ParOldGen       total 172032K, used 72452K [0x00000000c0000000, 0x00000000ca800000, 0x00000000eab00000)
  object space 172032K, 42% used [0x00000000c0000000,0x00000000c46c11a8,0x00000000ca800000)
 Metaspace       used 14160K, capacity 14812K, committed 15104K, reserved 1062912K
  class space    used 2119K, capacity 2293K, committed 2304K, reserved 1048576K
Event: 56.593 GC heap after
Heap after GC invocations=40 (full 18):
 PSYoungGen      total 268800K, used 64K [0x00000000eab00000, 0x00000000fbc00000, 0x0000000100000000)
  eden space 258048K, 0% used [0x00000000eab00000,0x00000000eab00000,0x00000000fa700000)
  from space 10752K, 0% used [0x00000000fb180000,0x00000000fb190000,0x00000000fbc00000)
  to   space 10752K, 0% used [0x00000000fa700000,0x00000000fa700000,0x00000000fb180000)
 ParOldGen       total 172032K, used 72452K [0x00000000c0000000, 0x00000000ca800000, 0x00000000eab00000)
  object space 172032K, 42% used [0x00000000c0000000,0x00000000c46c11a8,0x00000000ca800000)
 Metaspace       used 14160K, capacity 14812K, committed 15104K, reserved 1062912K
  class space    used 2119K, capacity 2293K, committed 2304K, reserved 1048576K
}
Event: 56.593 GC heap before
{Heap before GC invocations=41 (full 19):
 PSYoungGen      total 268800K, used 64K [0x00000000eab00000, 0x00000000fbc00000, 0x0000000100000000)
  eden space 258048K, 0% used [0x00000000eab00000,0x00000000eab00000,0x00000000fa700000)
  from space 10752K, 0% used [0x00000000fb180000,0x00000000fb190000,0x00000000fbc00000)
  to   space 10752K, 0% used [0x00000000fa700000,0x00000000fa700000,0x00000000fb180000)
 ParOldGen       total 172032K, used 72452K [0x00000000c0000000, 0x00000000ca800000, 0x00000000eab00000)
  object space 172032K, 42% used [0x00000000c0000000,0x00000000c46c11a8,0x00000000ca800000)
 Metaspace       used 14160K, capacity 14812K, committed 15104K, reserved 1062912K
  class space    used 2119K, capacity 2293K, committed 2304K, reserved 1048576K
Event: 56.674 GC heap after
Heap after GC invocations=41 (full 19):
 PSYoungGen      total 268800K, used 0K [0x00000000eab00000, 0x00000000fbc00000, 0x0000000100000000)
  eden space 258048K, 0% used [0x00000000eab00000,0x00000000eab00000,0x00000000fa700000)
  from space 10752K, 0% used [0x00000000fb180000,0x00000000fb180000,0x00000000fbc00000)
  to   space 10752K, 0% used [0x00000000fa700000,0x00000000fa700000,0x00000000fb180000)
 ParOldGen       total 172032K, used 72452K [0x00000000c0000000, 0x00000000ca800000, 0x00000000eab00000)
  object space 172032K, 42% used [0x00000000c0000000,0x00000000c46c1198,0x00000000ca800000)
 Metaspace       used 14160K, capacity 14812K, committed 15104K, reserved 1062912K
  class space    used 2119K, capacity 2293K, committed 2304K, reserved 1048576K
}

Deoptimization events (10 events):
Event: 4.689 Thread 0x000001b3590b3800 Uncommon trap: reason=class_check action=maybe_recompile pc=0x000001b3593b4cb8 method=scala.collection.mutable.MapBuilder.$plus$eq(Lscala/Tuple2;)Lscala/collection/mutable/MapBuilder; @ 6
Event: 4.965 Thread 0x000001b3590b3800 Uncommon trap: reason=unstable_if action=reinterpret pc=0x000001b3596e7a10 method=scala.collection.immutable.HashMap$HashTrieMap.get0(Ljava/lang/Object;II)Lscala/Option; @ 13
Event: 9.029 Thread 0x000001b3590b3800 Uncommon trap: reason=bimorphic action=maybe_recompile pc=0x000001b359a886c0 method=scala.collection.generic.GenericTraversableTemplate.newBuilder()Lscala/collection/mutable/Builder; @ 1
Event: 9.030 Thread 0x000001b3590b3800 Uncommon trap: reason=bimorphic action=maybe_recompile pc=0x000001b359b337f8 method=scala.math.Ordering$$anon$5.compare(Ljava/lang/Object;Ljava/lang/Object;)I @ 9
Event: 9.030 Thread 0x000001b3590b3800 Uncommon trap: reason=bimorphic action=maybe_recompile pc=0x000001b359b337f8 method=scala.math.Ordering$$anon$5.compare(Ljava/lang/Object;Ljava/lang/Object;)I @ 9
Event: 9.030 Thread 0x000001b3590b3800 Uncommon trap: reason=bimorphic action=maybe_recompile pc=0x000001b359b337f8 method=scala.math.Ordering$$anon$5.compare(Ljava/lang/Object;Ljava/lang/Object;)I @ 9
Event: 9.030 Thread 0x000001b3590b3800 Uncommon trap: reason=bimorphic action=maybe_recompile pc=0x000001b359b337f8 method=scala.math.Ordering$$anon$5.compare(Ljava/lang/Object;Ljava/lang/Object;)I @ 9
Event: 9.030 Thread 0x000001b3590b3800 Uncommon trap: reason=bimorphic action=maybe_recompile pc=0x000001b359a886c0 method=scala.collection.generic.GenericTraversableTemplate.newBuilder()Lscala/collection/mutable/Builder; @ 1
Event: 9.030 Thread 0x000001b3590b3800 Uncommon trap: reason=bimorphic action=maybe_recompile pc=0x000001b359a886c0 method=scala.collection.generic.GenericTraversableTemplate.newBuilder()Lscala/collection/mutable/Builder; @ 1
Event: 9.030 Thread 0x000001b3590b3800 Uncommon trap: reason=bimorphic action=maybe_recompile pc=0x000001b359a886c0 method=scala.collection.generic.GenericTraversableTemplate.newBuilder()Lscala/collection/mutable/Builder; @ 1

Classes redefined (0 events):
No events

Internal exceptions (10 events):
Event: 3.674 Thread 0x000001b3590b3800 Exception <a 'java/lang/NoSuchMethodError': java.lang.Object.$anonfun$count$1$adapted(Lscala/Function1;Lscala/runtime/IntRef;Ljava/lang/Object;)Ljava/lang/Object;> (0x00000000eb4a7458) thrown at [C:\re\workspace\8-2-build-windows-amd64-cygwin\jdk8u202\123
Event: 3.770 Thread 0x000001b3590b3800 Exception <a 'java/lang/NoSuchMethodError': java.lang.Object.$anonfun$sliding$1(Lscala/collection/IterableLike;Lscala/collection/Seq;)Ljava/lang/Object;> (0x00000000ed8a1998) thrown at [C:\re\workspace\8-2-build-windows-amd64-cygwin\jdk8u202\12323\hotspot
Event: 3.773 Thread 0x000001b3590b3800 Exception <a 'java/lang/NoSuchMethodError': java.lang.Object.$anonfun$sum$1(Lscala/math/Numeric;Ljava/lang/Object;Ljava/lang/Object;)Ljava/lang/Object;> (0x00000000ed8ebc88) thrown at [C:\re\workspace\8-2-build-windows-amd64-cygwin\jdk8u202\12323\hotspot\
Event: 3.778 Thread 0x000001b3590b3800 Exception <a 'java/lang/NoSuchMethodError': java.lang.Object.$anonfun$distinct$1(Lscala/collection/mutable/Builder;Lscala/collection/mutable/HashSet;Ljava/lang/Object;)Ljava/lang/Object;> (0x00000000ed942610) thrown at [C:\re\workspace\8-2-build-windows-a
Event: 3.805 Thread 0x000001b3590b3800 Exception <a 'java/lang/NoSuchMethodError': java.lang.Object.$anonfun$releaseVersion$1$adapted(Ljava/lang/String;)Ljava/lang/Object;> (0x00000000edaf90a8) thrown at [C:\re\workspace\8-2-build-windows-amd64-cygwin\jdk8u202\12323\hotspot\src\share\vm\interp
Event: 3.806 Thread 0x000001b3590b3800 Exception <a 'java/lang/NoSuchMethodError': java.lang.Object.$anonfun$releaseVersion$2(Ljava/lang/String;)Ljava/lang/String;> (0x00000000edb03c78) thrown at [C:\re\workspace\8-2-build-windows-amd64-cygwin\jdk8u202\12323\hotspot\src\share\vm\interpreter\li
Event: 3.806 Thread 0x000001b3590b3800 Exception <a 'java/lang/NoSuchMethodError': java.lang.Object.$anonfun$developmentVersion$1$adapted(Ljava/lang/String;)Ljava/lang/Object;> (0x00000000edb07e10) thrown at [C:\re\workspace\8-2-build-windows-amd64-cygwin\jdk8u202\12323\hotspot\src\share\vm\in
Event: 3.806 Thread 0x000001b3590b3800 Exception <a 'java/lang/NoSuchMethodError': java.lang.Object.$anonfun$developmentVersion$2(Lscala/util/PropertiesTrait;Ljava/lang/String;)Lscala/Option;> (0x00000000edb0bbd8) thrown at [C:\re\workspace\8-2-build-windows-amd64-cygwin\jdk8u202\12323\hotspot
Event: 3.837 Thread 0x000001b3590b3800 Exception <a 'java/lang/NoSuchMethodError': java.lang.Object.$anonfun$addString$1(Lscala/collection/mutable/StringBuilder;Ljava/lang/String;Lscala/runtime/BooleanRef;Ljava/lang/Object;)Ljava/lang/Object;> (0x00000000edbeca00) thrown at [C:\re\workspace\8-
Event: 4.989 Thread 0x000001b3590b3800 Exception <a 'java/lang/NoSuchMethodError': java.lang.Object.$anonfun$filterImpl$1(Lscala/Function1;ZLscala/collection/mutable/Builder;Ljava/lang/Object;)Ljava/lang/Object;> (0x00000000ed082e58) thrown at [C:\re\workspace\8-2-build-windows-amd64-cygwin\jd

Events (10 events):
Event: 9.030 Thread 0x000001b3590b3800 DEOPT UNPACKING pc=0x000001b359275843 sp=0x0000008ee0fea410 mode 2
Event: 9.030 Thread 0x000001b3590b3800 Uncommon trap: trap_request=0xffffffc6 fr.pc=0x000001b359a886c0
Event: 9.030 Thread 0x000001b3590b3800 DEOPT PACKING pc=0x000001b359a886c0 sp=0x0000008ee0fea500
Event: 9.030 Thread 0x000001b3590b3800 DEOPT UNPACKING pc=0x000001b359275843 sp=0x0000008ee0fea410 mode 2
Event: 9.285 Executing VM operation: ParallelGCSystemGC
Event: 9.383 Executing VM operation: ParallelGCSystemGC done
Event: 9.807 Executing VM operation: ParallelGCSystemGC
Event: 9.882 Executing VM operation: ParallelGCSystemGC done
Event: 56.592 Executing VM operation: ParallelGCSystemGC
Event: 56.674 Executing VM operation: ParallelGCSystemGC done


Dynamic libraries:
0x00007ff7da3c0000 - 0x00007ff7da3da000 	C:\Users\kpukpu\AppData\Local\Programs\Python\Python312\python.exe
0x00007ffc63630000 - 0x00007ffc63847000 	C:\Windows\SYSTEM32\ntdll.dll
0x00007ffc62de0000 - 0x00007ffc62ea4000 	C:\Windows\System32\KERNEL32.DLL
0x00007ffc60980000 - 0x00007ffc60d27000 	C:\Windows\System32\KERNELBASE.dll
0x00007ffc61240000 - 0x00007ffc61351000 	C:\Windows\System32\ucrtbase.dll
0x00007ffbcb270000 - 0x00007ffbcb919000 	C:\Users\kpukpu\AppData\Local\Programs\Python\Python312\python312.dll
0x00007ffbf8080000 - 0x00007ffbf809d000 	C:\Users\kpukpu\AppData\Local\Programs\Python\Python312\VCRUNTIME140.dll
0x00007ffc61390000 - 0x00007ffc61401000 	C:\Windows\System32\WS2_32.dll
0x00007ffc46ad0000 - 0x00007ffc46ada000 	C:\Windows\SYSTEM32\VERSION.dll
0x00007ffc619c0000 - 0x00007ffc61a67000 	C:\Windows\System32\msvcrt.dll
0x00007ffc632b0000 - 0x00007ffc633c5000 	C:\Windows\System32\RPCRT4.dll
0x00007ffc60950000 - 0x00007ffc60978000 	C:\Windows\System32\bcrypt.dll
0x00007ffc62d20000 - 0x00007ffc62dd2000 	C:\Windows\System32\ADVAPI32.dll
0x00007ffc62b20000 - 0x00007ffc62bc8000 	C:\Windows\System32\sechost.dll
0x00007ffc60d60000 - 0x00007ffc60dd9000 	C:\Windows\System32\bcryptprimitives.dll
0x000001b312a80000 - 0x000001b312a8f000 	C:\Users\kpukpu\AppData\Local\Programs\Python\Python312\python3.DLL
0x00007ffbf8060000 - 0x00007ffbf8076000 	C:\Users\kpukpu\AppData\Local\Programs\Python\Python312\DLLs\_socket.pyd
0x00007ffc5f390000 - 0x00007ffc5f3bd000 	C:\Windows\SYSTEM32\IPHLPAPI.DLL
0x00007ffc335b0000 - 0x00007ffc335b9000 	C:\Users\kpukpu\AppData\Local\Programs\Python\Python312\DLLs\select.pyd
0x00007ffbf8030000 - 0x00007ffbf805d000 	C:\Users\kpukpu\AppData\Local\Programs\Python\Python312\DLLs\_ssl.pyd
0x00007ffc60fc0000 - 0x00007ffc61128000 	C:\Windows\System32\CRYPT32.dll
0x00007ffbca800000 - 0x00007ffbcacf9000 	C:\Users\kpukpu\AppData\Local\Programs\Python\Python312\DLLs\libcrypto-3.dll
0x00007ffbf7f60000 - 0x00007ffbf8022000 	C:\Users\kpukpu\AppData\Local\Programs\Python\Python312\DLLs\libssl-3.dll
0x00007ffc61a70000 - 0x00007ffc61c1e000 	C:\Windows\System32\USER32.dll
0x00007ffc60d30000 - 0x00007ffc60d56000 	C:\Windows\System32\win32u.dll
0x00007ffc61360000 - 0x00007ffc61389000 	C:\Windows\System32\GDI32.dll
0x00007ffc60de0000 - 0x00007ffc60ef9000 	C:\Windows\System32\gdi32full.dll
0x00007ffc611a0000 - 0x00007ffc6123a000 	C:\Windows\System32\msvcp_win.dll
0x00007ffc635b0000 - 0x00007ffc635e1000 	C:\Windows\System32\IMM32.DLL
0x00007ffbf3bb0000 - 0x00007ffbf3bc2000 	C:\Users\kpukpu\AppData\Local\Programs\Python\Python312\DLLs\_asyncio.pyd
0x00007ffbf3ba0000 - 0x00007ffbf3bae000 	C:\Users\kpukpu\AppData\Local\Programs\Python\Python312\DLLs\_overlapped.pyd
0x00007ffc5fda0000 - 0x00007ffc5fe09000 	C:\Windows\system32\mswsock.dll
0x00007ffbf3b80000 - 0x00007ffbf3b96000 	C:\Users\kpukpu\AppData\Local\Programs\Python\Python312\DLLs\_bz2.pyd
0x00007ffbf3b50000 - 0x00007ffbf3b79000 	C:\Users\kpukpu\AppData\Local\Programs\Python\Python312\DLLs\_lzma.pyd
0x00007ffbf3b40000 - 0x00007ffbf3b49000 	C:\Users\kpukpu\AppData\Local\Programs\Python\Python312\DLLs\_queue.pyd
0x00007ffbf3b20000 - 0x00007ffbf3b31000 	C:\Users\kpukpu\AppData\Local\Programs\Python\Python312\DLLs\_hashlib.pyd
0x00007ffbf3b00000 - 0x00007ffbf3b20000 	C:\Users\kpukpu\AppData\Local\Programs\Python\Python312\DLLs\_ctypes.pyd
0x00007ffc61470000 - 0x00007ffc61615000 	C:\Windows\System32\ole32.dll
0x00007ffbf3a80000 - 0x00007ffbf3a8b000 	C:\Users\kpukpu\AppData\Local\Programs\Python\Python312\DLLs\libffi-8.dll
0x00007ffc61630000 - 0x00007ffc619b8000 	C:\Windows\System32\combase.dll
0x00007ffc634d0000 - 0x00007ffc635a7000 	C:\Windows\System32\OLEAUT32.dll
0x00007ffbf3ac0000 - 0x00007ffbf3afe000 	C:\Users\kpukpu\AppData\Local\Programs\Python\Python312\DLLs\_decimal.pyd
0x00007ffbf3960000 - 0x00007ffbf3a77000 	C:\Users\kpukpu\AppData\Local\Programs\Python\Python312\DLLs\unicodedata.pyd
0x00007ffbf3ab0000 - 0x00007ffbf3abd000 	C:\Users\kpukpu\AppData\Local\Programs\Python\Python312\DLLs\_zoneinfo.pyd
0x00007ffbf3aa0000 - 0x00007ffbf3aa7000 	C:\Users\kpukpu\AppData\Local\Programs\Python\Python312\DLLs\_uuid.pyd
0x00007ffbf3900000 - 0x00007ffbf3955000 	C:\Users\kpukpu\AppData\Local\Programs\Python\Python312\Lib\site-packages\MySQLdb\_mysql.cp312-win_amd64.pyd
0x00007ffc61410000 - 0x00007ffc6146e000 	C:\Windows\System32\SHLWAPI.dll
0x00007ffbfdb70000 - 0x00007ffbfdb79000 	C:\Windows\SYSTEM32\WSOCK32.dll
0x00007ffc5f710000 - 0x00007ffc5f71c000 	C:\Windows\SYSTEM32\Secur32.dll
0x00007ffc5fba0000 - 0x00007ffc5fbec000 	C:\Windows\SYSTEM32\SSPICLI.DLL
0x00007ffc3e4b0000 - 0x00007ffc3e4c7000 	C:\Windows\system32\napinsp.dll
0x00007ffc3e430000 - 0x00007ffc3e44b000 	C:\Windows\system32\pnrpnsp.dll
0x00007ffc5f3c0000 - 0x00007ffc5f4b8000 	C:\Windows\SYSTEM32\DNSAPI.dll
0x00007ffc62540000 - 0x00007ffc62549000 	C:\Windows\System32\NSI.dll
0x00007ffc3e410000 - 0x00007ffc3e421000 	C:\Windows\System32\winrnr.dll
0x00007ffc3e3d0000 - 0x00007ffc3e3e5000 	C:\Windows\system32\wshbth.dll
0x00007ffc3d890000 - 0x00007ffc3d8b7000 	C:\Windows\system32\nlansp_c.dll
0x00007ffc59750000 - 0x00007ffc5975a000 	C:\Windows\System32\rasadhlp.dll
0x00007ffbf3a90000 - 0x00007ffbf3a9a000 	C:\Users\kpukpu\AppData\Local\Programs\Python\Python312\DLLs\_wmi.pyd
0x00007ffbf38f0000 - 0x00007ffbf38fc000 	C:\Users\kpukpu\AppData\Local\Programs\Python\Python312\VCRUNTIME140_1.dll
0x00007ffc5b8d0000 - 0x00007ffc5b9d1000 	C:\Windows\SYSTEM32\PROPSYS.dll
0x00007ffc5f890000 - 0x00007ffc5f8a8000 	C:\Windows\SYSTEM32\kernel.appcore.dll
0x00007ffc5b820000 - 0x00007ffc5b85c000 	C:\Users\kpukpu\AppData\Local\Programs\Python\Python312\Lib\site-packages\yaml\_yaml.cp312-win_amd64.pyd
0x00007ffc5d520000 - 0x00007ffc5d527000 	C:\Users\kpukpu\AppData\Local\Programs\Python\Python312\Lib\site-packages\charset_normalizer\md.cp312-win_amd64.pyd
0x00007ffc5b7f0000 - 0x00007ffc5b813000 	C:\Users\kpukpu\AppData\Local\Programs\Python\Python312\Lib\site-packages\charset_normalizer\md__mypyc.cp312-win_amd64.pyd
0x00007ffc5b7c0000 - 0x00007ffc5b7e1000 	C:\Users\kpukpu\AppData\Local\Programs\Python\Python312\DLLs\_elementtree.pyd
0x00007ffc5b780000 - 0x00007ffc5b7b2000 	C:\Users\kpukpu\AppData\Local\Programs\Python\Python312\DLLs\pyexpat.pyd
0x00007ffc3d160000 - 0x00007ffc3d439000 	C:\Users\kpukpu\AppData\Local\Programs\Python\Python312\Lib\site-packages\numpy\core\_multiarray_umath.cp312-win_amd64.pyd
0x00007ffbe8680000 - 0x00007ffbea736000 	C:\Users\kpukpu\AppData\Local\Programs\Python\Python312\Lib\site-packages\numpy.libs\libopenblas64__v0.3.23-293-gc2f4bdbb-gcc_10_3_0-2bde3a66a51006b2b53eb373ff767a3f.dll
0x00007ffc5b760000 - 0x00007ffc5b774000 	C:\Users\kpukpu\AppData\Local\Programs\Python\Python312\Lib\site-packages\numpy\core\_multiarray_tests.cp312-win_amd64.pyd
0x00007ffc5b740000 - 0x00007ffc5b75d000 	C:\Users\kpukpu\AppData\Local\Programs\Python\Python312\Lib\site-packages\numpy\linalg\_umath_linalg.cp312-win_amd64.pyd
0x00007ffc5b720000 - 0x00007ffc5b73e000 	C:\Users\kpukpu\AppData\Local\Programs\Python\Python312\Lib\site-packages\numpy\fft\_pocketfft_internal.cp312-win_amd64.pyd
0x00007ffc4ed30000 - 0x00007ffc4edc4000 	C:\Users\kpukpu\AppData\Local\Programs\Python\Python312\Lib\site-packages\numpy\random\mtrand.cp312-win_amd64.pyd
0x00007ffc5ac90000 - 0x00007ffc5acbb000 	C:\Users\kpukpu\AppData\Local\Programs\Python\Python312\Lib\site-packages\numpy\random\bit_generator.cp312-win_amd64.pyd
0x00007ffc516b0000 - 0x00007ffc516dd000 	C:\Users\kpukpu\AppData\Local\Programs\Python\Python312\Lib\site-packages\numpy\random\_common.cp312-win_amd64.pyd
0x00007ffc51520000 - 0x00007ffc5155d000 	C:\Users\kpukpu\AppData\Local\Programs\Python\Python312\Lib\site-packages\numpy\random\_bounded_integers.cp312-win_amd64.pyd
0x00007ffc57e60000 - 0x00007ffc57e76000 	C:\Users\kpukpu\AppData\Local\Programs\Python\Python312\Lib\site-packages\numpy\random\_mt19937.cp312-win_amd64.pyd
0x00007ffc4f610000 - 0x00007ffc4f625000 	C:\Users\kpukpu\AppData\Local\Programs\Python\Python312\Lib\site-packages\numpy\random\_philox.cp312-win_amd64.pyd
0x00007ffc4f5f0000 - 0x00007ffc4f608000 	C:\Users\kpukpu\AppData\Local\Programs\Python\Python312\Lib\site-packages\numpy\random\_pcg64.cp312-win_amd64.pyd
0x00007ffc5d510000 - 0x00007ffc5d520000 	C:\Users\kpukpu\AppData\Local\Programs\Python\Python312\Lib\site-packages\numpy\random\_sfc64.cp312-win_amd64.pyd
0x00007ffc4d220000 - 0x00007ffc4d2cd000 	C:\Users\kpukpu\AppData\Local\Programs\Python\Python312\Lib\site-packages\numpy\random\_generator.cp312-win_amd64.pyd
0x00007ffc5b710000 - 0x00007ffc5b719000 	C:\Users\kpukpu\AppData\Local\Programs\Python\Python312\Lib\site-packages\matplotlib\_c_internal_utils.cp312-win_amd64.pyd
0x00007ffc61c30000 - 0x00007ffc6248c000 	C:\Windows\System32\SHELL32.dll
0x00007ffc3cf20000 - 0x00007ffc3d160000 	C:\Users\kpukpu\AppData\Local\Programs\Python\Python312\Lib\site-packages\PIL\_imaging.cp312-win_amd64.pyd
0x00007ffc4f5b0000 - 0x00007ffc4f5d7000 	C:\Users\kpukpu\AppData\Local\Programs\Python\Python312\Lib\site-packages\matplotlib\_path.cp312-win_amd64.pyd
0x00007ffc4ec40000 - 0x00007ffc4ecdb000 	C:\Users\kpukpu\AppData\Local\Programs\Python\Python312\Lib\site-packages\matplotlib.libs\msvcp140-456d948669199b545d061b84c160bebc.dll
0x00007ffc49c10000 - 0x00007ffc49ca9000 	C:\Users\kpukpu\AppData\Local\Programs\Python\Python312\Lib\site-packages\matplotlib\ft2font.cp312-win_amd64.pyd
0x00007ffc4ef50000 - 0x00007ffc4ef71000 	C:\Users\kpukpu\AppData\Local\Programs\Python\Python312\Lib\site-packages\kiwisolver\_cext.cp312-win_amd64.pyd
0x00007ffc45250000 - 0x00007ffc452dd000 	C:\Windows\SYSTEM32\MSVCP140.dll
0x00007ffc49870000 - 0x00007ffc49a2c000 	C:\Users\kpukpu\AppData\Local\Programs\Python\Python312\Lib\site-packages\PIL\_imagingft.cp312-win_amd64.pyd
0x00007ffc4ef20000 - 0x00007ffc4ef47000 	C:\Users\kpukpu\AppData\Local\Programs\Python\Python312\Lib\site-packages\wordcloud\query_integral_image.cp312-win_amd64.pyd
0x00007ffc4ed00000 - 0x00007ffc4ed28000 	C:\Users\kpukpu\AppData\Local\Programs\Python\Python312\Lib\site-packages\matplotlib\_image.cp312-win_amd64.pyd
0x00007ffc49b90000 - 0x00007ffc49c06000 	C:\Users\kpukpu\AppData\Local\Programs\Python\Python312\Lib\site-packages\_jpype.cp312-win_amd64.pyd
0x00007ffc36820000 - 0x00007ffc36c18000 	C:\Users\kpukpu\AppData\Local\Programs\Python\Python312\Lib\site-packages\lxml\etree.cp312-win_amd64.pyd
0x00007ffc4eb60000 - 0x00007ffc4eb89000 	C:\Users\kpukpu\AppData\Local\Programs\Python\Python312\Lib\site-packages\lxml\_elementpath.cp312-win_amd64.pyd
0x00007ffc4e380000 - 0x00007ffc4e3e8000 	C:\Users\kpukpu\AppData\Local\Programs\Python\Python312\Lib\site-packages\ml_dtypes\_ml_dtypes_ext.cp312-win_amd64.pyd
0x00007ffc55f60000 - 0x00007ffc55f66000 	C:\Users\kpukpu\AppData\Local\Programs\Python\Python312\Lib\site-packages\jaxlib\cpu_feature_guard.pyd
0x00007ffc4ce00000 - 0x00007ffc4ce21000 	C:\Users\kpukpu\AppData\Local\Programs\Python\Python312\Lib\site-packages\jaxlib\utils.pyd
0x00007ffbe2510000 - 0x00007ffbe8674000 	C:\Users\kpukpu\AppData\Local\Programs\Python\Python312\Lib\site-packages\jaxlib\xla_extension.pyd
0x00007ffc61620000 - 0x00007ffc61628000 	C:\Windows\System32\Normaliz.dll
0x00007ffc5d920000 - 0x00007ffc5db52000 	C:\Windows\SYSTEM32\dbghelp.dll
0x00007ffc5fff0000 - 0x00007ffc5fffc000 	C:\Windows\SYSTEM32\CRYPTBASE.DLL
0x00007ffc62490000 - 0x00007ffc62540000 	C:\Windows\System32\clbcatq.dll
0x00007ffc36670000 - 0x00007ffc36814000 	C:\Users\kpukpu\AppData\Local\Programs\Python\Python312\Lib\site-packages\jaxlib\mlir\_mlir_libs\_mlir.pyd
0x00007ffbee440000 - 0x00007ffbef86d000 	C:\Users\kpukpu\AppData\Local\Programs\Python\Python312\Lib\site-packages\jaxlib\mlir\_mlir_libs\jaxlib_mlir_capi.dll
0x00007ffbec9b0000 - 0x00007ffbed1ed000 	C:\Users\kpukpu\AppData\Local\Programs\Python\Python312\Lib\site-packages\jaxlib\mlir\_mlir_libs\_stablehlo.pyd
0x00007ffc49b60000 - 0x00007ffc49b8b000 	C:\Users\kpukpu\AppData\Local\Programs\Python\Python312\Lib\site-packages\jaxlib\cpu\_lapack.pyd
0x00007ffc49780000 - 0x00007ffc49804000 	C:\Users\kpukpu\AppData\Local\Programs\Python\Python312\Lib\site-packages\jaxlib\cpu\_ducc_fft.pyd
0x00007ffc49b00000 - 0x00007ffc49b5c000 	C:\Users\kpukpu\AppData\Local\Programs\Python\Python312\Lib\site-packages\jaxlib\mlir\_mlir_libs\_tpu_ext.pyd
0x00007ffc49840000 - 0x00007ffc49866000 	C:\Users\kpukpu\AppData\Local\Programs\Python\Python312\Lib\site-packages\jaxlib\mlir\_mlir_libs\register_jax_dialects.pyd
0x00007ffc49750000 - 0x00007ffc4977a000 	C:\Users\kpukpu\AppData\Local\Programs\Python\Python312\Lib\site-packages\jaxlib\mlir\_mlir_libs\_chlo.pyd
0x00007ffc49700000 - 0x00007ffc49749000 	C:\Users\kpukpu\AppData\Local\Programs\Python\Python312\Lib\site-packages\jaxlib\mlir\_mlir_libs\_mlirHlo.pyd
0x00007ffc36620000 - 0x00007ffc36662000 	C:\Users\kpukpu\AppData\Local\Programs\Python\Python312\Lib\site-packages\jaxlib\mlir\_mlir_libs\_mlirDialectsSparseTensor.pyd
0x00007ffc4f590000 - 0x00007ffc4f5b0000 	C:\Users\kpukpu\AppData\Local\Programs\Python\Python312\Lib\site-packages\jaxlib\mlir\_mlir_libs\_mlirSparseTensorPasses.pyd
0x00007ffc5de00000 - 0x00007ffc5deab000 	C:\Windows\system32\uxtheme.dll
0x00007ffc3c790000 - 0x00007ffc3c7ad000 	C:\Windows\SYSTEM32\amsi.dll
0x00007ffc5fe60000 - 0x00007ffc5fe88000 	C:\Windows\SYSTEM32\USERENV.dll
0x00007ffc60880000 - 0x00007ffc608a1000 	C:\Windows\SYSTEM32\profapi.dll
0x00007ffc3c2f0000 - 0x00007ffc3c371000 	C:\ProgramData\Microsoft\Windows Defender\Platform\4.18.24040.4-0\MpOav.dll
0x00007ffc365c0000 - 0x00007ffc3661c000 	C:\Users\kpukpu\AppData\Local\Programs\Python\Python312\Lib\site-packages\torch\lib\asmjit.dll
0x00007ffc35f00000 - 0x00007ffc36115000 	C:\Users\kpukpu\AppData\Local\Programs\Python\Python312\Lib\site-packages\torch\lib\c10.dll
0x00007ffc35a30000 - 0x00007ffc35f00000 	C:\Users\kpukpu\AppData\Local\Programs\Python\Python312\Lib\site-packages\torch\lib\fbgemm.dll
0x00007ffc41340000 - 0x00007ffc41372000 	C:\Windows\SYSTEM32\VCOMP140.DLL
0x00007ffc21530000 - 0x00007ffc21739000 	C:\Users\kpukpu\AppData\Local\Programs\Python\Python312\Lib\site-packages\torch\lib\libiomp5md.dll
0x00007ffc51770000 - 0x00007ffc5177d000 	C:\Users\kpukpu\AppData\Local\Programs\Python\Python312\Lib\site-packages\torch\lib\libiompstubs5md.dll
0x00007ffc51750000 - 0x00007ffc51759000 	C:\Users\kpukpu\AppData\Local\Programs\Python\Python312\Lib\site-packages\torch\lib\shm.dll
0x00007ffbb9b00000 - 0x00007ffbc1840000 	C:\Users\kpukpu\AppData\Local\Programs\Python\Python312\Lib\site-packages\torch\lib\torch_cpu.dll
0x00007ffbf4410000 - 0x00007ffbf46cd000 	C:\Users\kpukpu\AppData\Local\Programs\Python\Python312\Lib\site-packages\torch\lib\uv.dll

VM Arguments:
jvm_args: -Dfile.encoding=UTF8 -ea -Xmx1024m 
java_command: <unknown>
java_class_path (initial): C:\Users\kpukpu\AppData\Local\Programs\Python\Python312\Lib\site-packages\konlpy\java;C:\Users\kpukpu\AppData\Local\Programs\Python\Python312\Lib\site-packages\konlpy\java\bin;C:\Users\kpukpu\AppData\Local\Programs\Python\Python312\Lib\site-packages\konlpy\java\aho-corasick.jar;C:\Users\kpukpu\AppData\Local\Programs\Python\Python312\Lib\site-packages\konlpy\java\jhannanum-0.8.4.jar;C:\Users\kpukpu\AppData\Local\Programs\Python\Python312\Lib\site-packages\konlpy\java\kkma-2.0.jar;C:\Users\kpukpu\AppData\Local\Programs\Python\Python312\Lib\site-packages\konlpy\java\komoran-3.0.jar;C:\Users\kpukpu\AppData\Local\Programs\Python\Python312\Lib\site-packages\konlpy\java\open-korean-text-2.1.0.jar;C:\Users\kpukpu\AppData\Local\Programs\Python\Python312\Lib\site-packages\konlpy\java\scala-library-2.12.3.jar;C:\Users\kpukpu\AppData\Local\Programs\Python\Python312\Lib\site-packages\konlpy\java\shineware-common-1.0.jar;C:\Users\kpukpu\AppData\Local\Programs\Python\Python312\Lib\site-packages\konlpy\java\shineware-ds-1.0.jar;C:\Users\kpukpu\AppData\Local\Programs\Python\Python312\Lib\site-packages\konlpy\java\snakeyaml-1.12.jar;C:\Users\kpukpu\AppData\Local\Programs\Python\Python312\Lib\site-packages\konlpy\java\twitter-text-1.14.7.jar;C:\Users\kpukpu\AppData\Local\Programs\Python\Python312\Lib\site-packages\konlpy\java\jhannanum-0.8.4.jar;C:\Users\kpukpu\AppData\Local\Programs\Python\Python312\Lib\site-packages\konlpy\java\kkma-2.0.jar;C:\Users\kpukpu\AppData\Local\Programs\Python\Python312\Lib\site-packages\konlpy\java\aho-corasick.jar;C:\Users\kpukpu\AppData\Local\Programs\Python\Python312\Lib\site-packages\konlpy\java\shineware-common-1.0.jar;C:\Users\kpukpu\AppData\Local\Programs\Python\Python312\Lib\site-packages\konlpy\java\shineware-ds-1.0.jar;C:\Users\kpukpu\AppData\Local\Programs\Python\Python312\Lib\site-packages\konlpy\java\komoran-3.0.jar;C:\Users\kpukpu\AppData\Local\Programs\Python\Python312\Lib\site-packages\konlpy\java\snakeyaml-1.12
Launcher Type: generic

Environment Variables:
JAVA_HOME=C:\Program Files\Java\jdk1.8.0_202\
CLASSPATH=C:\Program Files\Java\jdk1.8.0_202\\lib
PATH=C:\Program Files (x86)\Common Files\Oracle\Java\javapath;C:\Windows\system32;C:\Windows;C:\Windows\System32\Wbem;C:\Windows\System32\WindowsPowerShell\v1.0\;C:\Windows\System32\OpenSSH\;C:\Program Files\Java\jdk1.8.0_202\\bin;C:\Program Files (x86)\Windows Kits\10\Windows Performance Toolkit\;C:\Program Files\Git\cmd;C:\Program Files\nodejs\;C:\Program Files\MySQL\MySQL Shell 8.0\bin\;C:\Users\kpukpu\AppData\Local\Programs\Python\Python312\Scripts\;C:\Users\kpukpu\AppData\Local\Programs\Python\Python312\;C:\Users\kpukpu\AppData\Local\Programs\Python\Launcher\;C:\Users\kpukpu\AppData\Local\Microsoft\WindowsApps;C:\Users\kpukpu\AppData\Local\Programs\Microsoft VS Code\bin;C:\Program Files\Java\jdk-17\bin\;C:\Users\kpukpu\AppData\Roaming\npm
USERNAME=kpukpu
OS=Windows_NT
PROCESSOR_IDENTIFIER=Intel64 Family 6 Model 186 Stepping 3, GenuineIntel



---------------  S Y S T E M  ---------------

OS: Windows 10.0 , 64 bit Build 22621 (10.0.22621.3527)

CPU:total 12 (initial active 12) (6 cores per cpu, 2 threads per core) family 6 model 186 stepping 3, cmov, cx8, fxsr, mmx, sse, sse2, sse3, ssse3, sse4.1, sse4.2, popcnt, avx, avx2, aes, clmul, erms, 3dnowpref, lzcnt, ht, tsc, tscinvbit, bmi1, bmi2, adx

Memory: 4k page, physical 16450444k(6589116k free), swap 17516196k(4927960k free)

vm_info: Java HotSpot(TM) 64-Bit Server VM (25.202-b08) for windows-amd64 JRE (1.8.0_202-b08), built on Dec 15 2018 19:54:30 by "java_re" with MS VC++ 10.0 (VS2010)

time: Sat May 25 16:52:07 2024
timezone: 대한민국 표준시
elapsed time: 56 seconds (0d 0h 0m 56s)

