#
# A fatal error has been detected by the Java Runtime Environment:
#
#  EXCEPTION_UNCAUGHT_CXX_EXCEPTION (0xe06d7363) at pc=0x00007ff941fd543c, pid=14964, tid=0x0000000000000ed8
#
# JRE version: Java(TM) SE Runtime Environment (8.0_202-b08) (build 1.8.0_202-b08)
# Java VM: Java HotSpot(TM) 64-Bit Server VM (25.202-b08 mixed mode windows-amd64 compressed oops)
# Problematic frame:
# C  [KERNELBASE.dll+0x6543c]
#
# Failed to write core dump. Minidumps are not enabled by default on client versions of Windows
#
# If you would like to submit a bug report, please visit:
#   http://bugreport.java.com/bugreport/crash.jsp
# The crash happened outside the Java Virtual Machine in native code.
# See problematic frame for where to report the bug.
#

---------------  T H R E A D  ---------------

Current thread (0x0000029f13cc3800):  JavaThread "main" [_thread_in_native, id=3800, stack(0x000000b350210000,0x000000b350400000)]

siginfo: ExceptionCode=0xe06d7363, ExceptionInformation=0x0000000019930520 0x000000b3503ef3d0 0x00007ff9155590b0 0x00007ff9154f0000 

Registers:
RAX=0x00007ff8a4736a88, RBX=0x00007ff9155590b0, RCX=0x0000029f25b29ca8, RDX=0x0000029f7178a428
RSP=0x000000b3503ef1c0, RBP=0x000000b3503ef400, RSI=0x000000b3503ef3d0, RDI=0x0000000019930520
R8 =0x0000029f509e8f00, R9 =0x0000029f69e86bb0, R10=0x00007ff8a416248d, R11=0x0000000000000000
R12=0x000000b3503ef4f0, R13=0x0000029f79e51b00, R14=0x0000029f12481c40, R15=0x0000029f1305b080
RIP=0x00007ff941fd543c, EFLAGS=0x0000000000000202

Top of Stack: (sp=0x000000b3503ef1c0)
0x000000b3503ef1c0:   0000000000000000 00007ff9155590b0
0x000000b3503ef1d0:   000000b3503ef3d0 0000029f12481c40
0x000000b3503ef1e0:   00000081e06d7363 0000000000000000
0x000000b3503ef1f0:   00007ff941fd543c 0000000000000004
0x000000b3503ef200:   0000000019930520 000000b3503ef3d0
0x000000b3503ef210:   00007ff9155590b0 00007ff9154f0000
0x000000b3503ef220:   0000029f00000000 000000b3503e0000
0x000000b3503ef230:   0000000000000000 00007ff9155590b0
0x000000b3503ef240:   0000029f12481c40 00007ff9447265af
0x000000b3503ef250:   000000b3503ef2c0 00007ff915560000
0x000000b3503ef260:   000000b3503ef3d0 0000000019930520
0x000000b3503ef270:   00007ff915560000 00007ff9154f0000
0x000000b3503ef280:   00000df21ca44ebc 00007ff93caa68de
0x000000b3503ef290:   00007ff9155590b0 00007ff93caa6ba7
0x000000b3503ef2a0:   000000b3503ef448 0000000000000000
0x000000b3503ef2b0:   000000b3503ef400 00007ff915509071 

Instructions: (pc=0x00007ff941fd543c)
0x00007ff941fd541c:   0f 46 c0 44 8b c0 44 89 44 24 38 49 c1 e0 03 e8
0x00007ff941fd542c:   e7 f7 05 00 48 8d 4c 24 20 48 ff 15 14 b6 1f 00
0x00007ff941fd543c:   0f 1f 44 00 00 48 8b 8c 24 c0 00 00 00 48 33 cc
0x00007ff941fd544c:   e8 af 2d 05 00 48 81 c4 d8 00 00 00 c3 cc 83 64 


Register to memory mapping:

RAX=0x00007ff8a4736a88 is an unknown value
RBX=0x00007ff9155590b0 is an unknown value
RCX=0x0000029f25b29ca8 is pointing into metadata
RDX=0x0000029f7178a428 is an unknown value
RSP=0x000000b3503ef1c0 is pointing into the stack for thread: 0x0000029f13cc3800
RBP=0x000000b3503ef400 is pointing into the stack for thread: 0x0000029f13cc3800
RSI=0x000000b3503ef3d0 is pointing into the stack for thread: 0x0000029f13cc3800
RDI=0x0000000019930520 is an unknown value
R8 =0x0000029f509e8f00 is an unknown value
R9 =0x0000029f69e86bb0 is an unknown value
R10=0x00007ff8a416248d is an unknown value
R11=0x0000000000000000 is an unknown value
R12=0x000000b3503ef4f0 is pointing into the stack for thread: 0x0000029f13cc3800
R13=0x0000029f79e51b00 is an unknown value
R14=0x0000029f12481c40 is an unknown value
R15=0x0000029f1305b080 is an unknown value


Stack: [0x000000b350210000,0x000000b350400000],  sp=0x000000b3503ef1c0,  free space=1916k
Native frames: (J=compiled Java code, j=interpreted, Vv=VM code, C=native code)
C  [KERNELBASE.dll+0x6543c]
C  [VCRUNTIME140.dll+0x6ba7]
C  [_jpype.cp312-win_amd64.pyd+0x3df55]
C  [_jpype.cp312-win_amd64.pyd+0x2c35b]
C  0x0000029f13dd9f2e

Java frames: (J=compiled Java code, j=interpreted, Vv=VM code)
j  org.jpype.manager.TypeFactoryNative.newWrapper(JJ)V+0
j  org.jpype.JPypeContext.newWrapper(J)V+16
v  ~StubRoutines::call_stub
j  org.jpype.manager.TypeFactoryNative.newWrapper(JJ)V+0
j  org.jpype.JPypeContext.newWrapper(J)V+16
v  ~StubRoutines::call_stub
j  org.jpype.manager.TypeFactoryNative.newWrapper(JJ)V+0
j  org.jpype.JPypeContext.newWrapper(J)V+16
v  ~StubRoutines::call_stub
j  org.jpype.manager.TypeFactoryNative.newWrapper(JJ)V+0
j  org.jpype.JPypeContext.newWrapper(J)V+16
v  ~StubRoutines::call_stub
j  org.jpype.manager.TypeFactoryNative.newWrapper(JJ)V+0
j  org.jpype.JPypeContext.newWrapper(J)V+16
v  ~StubRoutines::call_stub
j  org.jpype.manager.TypeFactoryNative.newWrapper(JJ)V+0
j  org.jpype.JPypeContext.newWrapper(J)V+16
v  ~StubRoutines::call_stub

---------------  P R O C E S S  ---------------

Java Threads: ( => current thread )
  0x0000029f288e0800 JavaThread "Python Reference Queue" daemon [_thread_blocked, id=10712, stack(0x000000b352ea0000,0x000000b353090000)]
  0x0000029f279c5800 JavaThread "Thread-0" daemon [_thread_in_native, id=3508, stack(0x000000b350400000,0x000000b3505f0000)]
  0x0000029f27878000 JavaThread "Service Thread" daemon [_thread_blocked, id=11492, stack(0x000000b352ac0000,0x000000b352cb0000)]
  0x0000029f2610e000 JavaThread "C1 CompilerThread3" daemon [_thread_blocked, id=7528, stack(0x000000b3528d0000,0x000000b352ac0000)]
  0x0000029f2780c800 JavaThread "C2 CompilerThread2" daemon [_thread_blocked, id=17664, stack(0x000000b3526e0000,0x000000b3528d0000)]
  0x0000029f2780b800 JavaThread "C2 CompilerThread1" daemon [_thread_blocked, id=9284, stack(0x000000b3524f0000,0x000000b3526e0000)]
  0x0000029f27807800 JavaThread "C2 CompilerThread0" daemon [_thread_blocked, id=16820, stack(0x000000b352300000,0x000000b3524f0000)]
  0x0000029f27806800 JavaThread "Attach Listener" daemon [_thread_blocked, id=10176, stack(0x000000b352110000,0x000000b352300000)]
  0x0000029f27803800 JavaThread "Signal Dispatcher" daemon [_thread_blocked, id=14200, stack(0x000000b351f20000,0x000000b352110000)]
  0x0000029f13dbd000 JavaThread "Finalizer" daemon [_thread_blocked, id=11852, stack(0x000000b351d30000,0x000000b351f20000)]
  0x0000029f260fd800 JavaThread "Reference Handler" daemon [_thread_blocked, id=8312, stack(0x000000b351b40000,0x000000b351d30000)]
=>0x0000029f13cc3800 JavaThread "main" [_thread_in_native, id=3800, stack(0x000000b350210000,0x000000b350400000)]

Other Threads:
  0x0000029f260f6800 VMThread [stack: 0x000000b351950000,0x000000b351b40000] [id=9696]
  0x0000029f278f6000 WatcherThread [stack: 0x000000b352cb0000,0x000000b352ea0000] [id=10932]

VM state:not at safepoint (normal execution)

VM Mutex/Monitor currently owned by a thread: None

heap address: 0x00000000c0000000, size: 1024 MB, Compressed Oops mode: 32-bit
Narrow klass base: 0x0000000000000000, Narrow klass shift: 3
Compressed class space size: 1073741824 Address: 0x0000000100000000

Heap:
 PSYoungGen      total 75264K, used 7742K [0x00000000eab00000, 0x00000000eff00000, 0x0000000100000000)
  eden space 64512K, 12% used [0x00000000eab00000,0x00000000eb28fb50,0x00000000eea00000)
  from space 10752K, 0% used [0x00000000ef480000,0x00000000ef480000,0x00000000eff00000)
  to   space 10752K, 0% used [0x00000000eea00000,0x00000000eea00000,0x00000000ef480000)
 ParOldGen       total 172032K, used 0K [0x00000000c0000000, 0x00000000ca800000, 0x00000000eab00000)
  object space 172032K, 0% used [0x00000000c0000000,0x00000000c0000000,0x00000000ca800000)
 Metaspace       used 5152K, capacity 5388K, committed 5632K, reserved 1056768K
  class space    used 588K, capacity 674K, committed 768K, reserved 1048576K

Card table byte_map: [0x0000029f23180000,0x0000029f23390000] byte_map_base: 0x0000029f22b80000

Marking Bits: (ParMarkBitMap*) 0x000000005e115ce0
 Begin Bits: [0x0000029f234f0000, 0x0000029f244f0000)
 End Bits:   [0x0000029f244f0000, 0x0000029f254f0000)

Polling page: 0x0000029f13c70000

CodeCache: size=245760Kb used=1821Kb max_used=1826Kb free=243938Kb
 bounds [0x0000029f13dc0000, 0x0000029f14030000, 0x0000029f22dc0000]
 total_blobs=687 nmethods=381 adapters=219
 compilation: enabled

Compilation events (10 events):
Event: 0.233 Thread 0x0000029f2610e000 nmethod 374 0x0000029f13f89150 code [0x0000029f13f89300, 0x0000029f13f899b0]
Event: 0.233 Thread 0x0000029f2610e000  381       3       java.util.LinkedList$ListItr::hasNext (20 bytes)
Event: 0.233 Thread 0x0000029f2780c800 nmethod 380 0x0000029f13f7bb50 code [0x0000029f13f7bc80, 0x0000029f13f7bcd8]
Event: 0.233 Thread 0x0000029f2610e000 nmethod 381 0x0000029f13f81b90 code [0x0000029f13f81ce0, 0x0000029f13f81e98]
Event: 0.233 Thread 0x0000029f2610e000  379       3       java.lang.Class::privateGetMethodRecursive (130 bytes)
Event: 0.233 Thread 0x0000029f2610e000 nmethod 379 0x0000029f13f88290 code [0x0000029f13f884a0, 0x0000029f13f88d80]
Event: 0.233 Thread 0x0000029f2610e000  375       1       java.lang.reflect.Constructor::getModifiers (5 bytes)
Event: 0.233 Thread 0x0000029f2610e000 nmethod 375 0x0000029f13f87fd0 code [0x0000029f13f88120, 0x0000029f13f88238]
Event: 0.233 Thread 0x0000029f2610e000  378       3       java.lang.Class::getMethod0 (40 bytes)
Event: 0.233 Thread 0x0000029f2610e000 nmethod 378 0x0000029f13f879d0 code [0x0000029f13f87b60, 0x0000029f13f87e80]

GC Heap History (0 events):
No events

Deoptimization events (0 events):
No events

Classes redefined (0 events):
No events

Internal exceptions (9 events):
Event: 0.015 Thread 0x0000029f13cc3800 Exception <a 'java/lang/NoSuchMethodError': Method sun.misc.Unsafe.defineClass(Ljava/lang/String;[BII)Ljava/lang/Class; name or signature does not match> (0x00000000eab07cb0) thrown at [C:\re\workspace\8-2-build-windows-amd64-cygwin\jdk8u202\12323\hotspot
Event: 0.015 Thread 0x0000029f13cc3800 Exception <a 'java/lang/NoSuchMethodError': Method sun.misc.Unsafe.prefetchRead(Ljava/lang/Object;J)V name or signature does not match> (0x00000000eab07f98) thrown at [C:\re\workspace\8-2-build-windows-amd64-cygwin\jdk8u202\12323\hotspot\src\share\vm\prim
Event: 0.044 Thread 0x0000029f13cc3800 Exception <a 'java/lang/NoClassDefFoundError': org/jpype/classloader/DynamicClassLoader> (0x00000000ead8c0f0) thrown at [C:\re\workspace\8-2-build-windows-amd64-cygwin\jdk8u202\12323\hotspot\src\share\vm\classfile\systemDictionary.cpp, line 199]
Event: 0.055 Thread 0x0000029f279c5800 Exception <a 'java/lang/NoClassDefFoundError': org/jpype/classloader/DynamicClassLoader> (0x00000000eaecb200) thrown at [C:\re\workspace\8-2-build-windows-amd64-cygwin\jdk8u202\12323\hotspot\src\share\vm\classfile\systemDictionary.cpp, line 199]
Event: 0.091 Thread 0x0000029f279c5800 Exception <a 'java/lang/NoSuchFieldError': method resolution failed> (0x00000000eaff6c48) thrown at [C:\re\workspace\8-2-build-windows-amd64-cygwin\jdk8u202\12323\hotspot\src\share\vm\prims\methodHandles.cpp, line 1167]
Event: 0.091 Thread 0x0000029f279c5800 Exception <a 'java/lang/NoSuchFieldError': method resolution failed> (0x00000000eb003fc8) thrown at [C:\re\workspace\8-2-build-windows-amd64-cygwin\jdk8u202\12323\hotspot\src\share\vm\prims\methodHandles.cpp, line 1167]
Event: 0.110 Thread 0x0000029f279c5800 Exception <a 'sun/nio/fs/WindowsException'> (0x00000000eb0eef98) thrown at [C:\re\workspace\8-2-build-windows-amd64-cygwin\jdk8u202\12323\hotspot\src\share\vm\prims\jni.cpp, line 710]
Event: 0.110 Thread 0x0000029f279c5800 Exception <a 'sun/nio/fs/WindowsException'> (0x00000000eb0f0900) thrown at [C:\re\workspace\8-2-build-windows-amd64-cygwin\jdk8u202\12323\hotspot\src\share\vm\prims\jni.cpp, line 710]
Event: 0.230 Thread 0x0000029f13cc3800 Exception <a 'java/lang/NoSuchMethodError': getFunctional> (0x00000000eade9448) thrown at [C:\re\workspace\8-2-build-windows-amd64-cygwin\jdk8u202\12323\hotspot\src\share\vm\prims\jni.cpp, line 1614]

Events (10 events):
Event: 0.232 loading class java/io/ObjectInput done
Event: 0.232 loading class java/io/ObjectStreamConstants
Event: 0.232 loading class java/io/ObjectStreamConstants done
Event: 0.232 loading class java/io/ObjectInputStream done
Event: 0.232 loading class java/io/ObjectOutputStream
Event: 0.232 loading class java/io/ObjectOutput
Event: 0.232 loading class java/io/ObjectOutput done
Event: 0.232 loading class java/io/ObjectOutputStream done
Event: 0.233 loading class java/sql/DriverManager
Event: 0.233 loading class java/sql/DriverManager done


Dynamic libraries:
0x00007ff7e8a00000 - 0x00007ff7e8a1a000 	C:\Users\kpukpu\AppData\Local\Programs\Python\Python312\python.exe
0x00007ff9446b0000 - 0x00007ff9448c7000 	C:\Windows\SYSTEM32\ntdll.dll
0x00007ff942f10000 - 0x00007ff942fd4000 	C:\Windows\System32\KERNEL32.DLL
0x00007ff941f70000 - 0x00007ff942317000 	C:\Windows\System32\KERNELBASE.dll
0x00007ff941a80000 - 0x00007ff941b91000 	C:\Windows\System32\ucrtbase.dll
0x00007ff8a40c0000 - 0x00007ff8a4769000 	C:\Users\kpukpu\AppData\Local\Programs\Python\Python312\python312.dll
0x00007ff93caa0000 - 0x00007ff93cabd000 	C:\Users\kpukpu\AppData\Local\Programs\Python\Python312\VCRUNTIME140.dll
0x00007ff9429d0000 - 0x00007ff942a41000 	C:\Windows\System32\WS2_32.dll
0x00007ff923bf0000 - 0x00007ff923bfa000 	C:\Windows\SYSTEM32\VERSION.dll
0x00007ff944550000 - 0x00007ff944665000 	C:\Windows\System32\RPCRT4.dll
0x00007ff942590000 - 0x00007ff942637000 	C:\Windows\System32\msvcrt.dll
0x00007ff941ba0000 - 0x00007ff941bc8000 	C:\Windows\System32\bcrypt.dll
0x00007ff943330000 - 0x00007ff9433e2000 	C:\Windows\System32\ADVAPI32.dll
0x00007ff9423e0000 - 0x00007ff942488000 	C:\Windows\System32\sechost.dll
0x00007ff9419d0000 - 0x00007ff941a49000 	C:\Windows\System32\bcryptprimitives.dll
0x0000029f4d990000 - 0x0000029f4d99f000 	C:\Users\kpukpu\AppData\Local\Programs\Python\Python312\python3.DLL
0x00007ff930100000 - 0x00007ff930116000 	C:\Users\kpukpu\AppData\Local\Programs\Python\Python312\DLLs\_socket.pyd
0x00007ff940410000 - 0x00007ff94043d000 	C:\Windows\SYSTEM32\IPHLPAPI.DLL
0x00007ff93e0d0000 - 0x00007ff93e0d9000 	C:\Users\kpukpu\AppData\Local\Programs\Python\Python312\DLLs\select.pyd
0x00007ff92fc80000 - 0x00007ff92fcad000 	C:\Users\kpukpu\AppData\Local\Programs\Python\Python312\DLLs\_ssl.pyd
0x00007ff941bd0000 - 0x00007ff941d38000 	C:\Windows\System32\CRYPT32.dll
0x00007ff92e1f0000 - 0x00007ff92e2b2000 	C:\Users\kpukpu\AppData\Local\Programs\Python\Python312\DLLs\libssl-3.dll
0x00007ff8a3bc0000 - 0x00007ff8a40b9000 	C:\Users\kpukpu\AppData\Local\Programs\Python\Python312\DLLs\libcrypto-3.dll
0x00007ff942aa0000 - 0x00007ff942c4e000 	C:\Windows\System32\USER32.dll
0x00007ff941a50000 - 0x00007ff941a76000 	C:\Windows\System32\win32u.dll
0x00007ff942c50000 - 0x00007ff942c79000 	C:\Windows\System32\GDI32.dll
0x00007ff941e50000 - 0x00007ff941f69000 	C:\Windows\System32\gdi32full.dll
0x00007ff941d40000 - 0x00007ff941dda000 	C:\Windows\System32\msvcp_win.dll
0x00007ff942a50000 - 0x00007ff942a81000 	C:\Windows\System32\IMM32.DLL
0x00007ff930060000 - 0x00007ff930072000 	C:\Users\kpukpu\AppData\Local\Programs\Python\Python312\DLLs\_asyncio.pyd
0x00007ff93c6a0000 - 0x00007ff93c6ae000 	C:\Users\kpukpu\AppData\Local\Programs\Python\Python312\DLLs\_overlapped.pyd
0x00007ff940e20000 - 0x00007ff940e89000 	C:\Windows\system32\mswsock.dll
0x00007ff930010000 - 0x00007ff930026000 	C:\Users\kpukpu\AppData\Local\Programs\Python\Python312\DLLs\_bz2.pyd
0x00007ff92f640000 - 0x00007ff92f669000 	C:\Users\kpukpu\AppData\Local\Programs\Python\Python312\DLLs\_lzma.pyd
0x00007ff93a5a0000 - 0x00007ff93a5a9000 	C:\Users\kpukpu\AppData\Local\Programs\Python\Python312\DLLs\_queue.pyd
0x00007ff92fde0000 - 0x00007ff92fdf1000 	C:\Users\kpukpu\AppData\Local\Programs\Python\Python312\DLLs\_hashlib.pyd
0x00007ff92fbd0000 - 0x00007ff92fbf0000 	C:\Users\kpukpu\AppData\Local\Programs\Python\Python312\DLLs\_ctypes.pyd
0x00007ff944310000 - 0x00007ff9444b5000 	C:\Windows\System32\ole32.dll
0x00007ff9388f0000 - 0x00007ff9388fb000 	C:\Users\kpukpu\AppData\Local\Programs\Python\Python312\DLLs\libffi-8.dll
0x00007ff942640000 - 0x00007ff9429c8000 	C:\Windows\System32\combase.dll
0x00007ff943c50000 - 0x00007ff943d27000 	C:\Windows\System32\OLEAUT32.dll
0x00007ff92f600000 - 0x00007ff92f63e000 	C:\Users\kpukpu\AppData\Local\Programs\Python\Python312\DLLs\_decimal.pyd
0x00007ff92d6c0000 - 0x00007ff92d7d7000 	C:\Users\kpukpu\AppData\Local\Programs\Python\Python312\DLLs\unicodedata.pyd
0x00007ff9388a0000 - 0x00007ff9388ad000 	C:\Users\kpukpu\AppData\Local\Programs\Python\Python312\DLLs\_zoneinfo.pyd
0x00007ff9301d0000 - 0x00007ff9301d7000 	C:\Users\kpukpu\AppData\Local\Programs\Python\Python312\DLLs\_uuid.pyd
0x00007ff92f2e0000 - 0x00007ff92f335000 	C:\Users\kpukpu\AppData\Local\Programs\Python\Python312\Lib\site-packages\MySQLdb\_mysql.cp312-win_amd64.pyd
0x00007ff943150000 - 0x00007ff9431ae000 	C:\Windows\System32\SHLWAPI.dll
0x00007ff8dbb50000 - 0x00007ff8dbb59000 	C:\Windows\SYSTEM32\WSOCK32.dll
0x00007ff940790000 - 0x00007ff94079c000 	C:\Windows\SYSTEM32\Secur32.dll
0x00007ff940c20000 - 0x00007ff940c6c000 	C:\Windows\SYSTEM32\SSPICLI.DLL
0x00007ff9195c0000 - 0x00007ff9195d7000 	C:\Windows\system32\napinsp.dll
0x00007ff91aee0000 - 0x00007ff91aefb000 	C:\Windows\system32\pnrpnsp.dll
0x00007ff940440000 - 0x00007ff940538000 	C:\Windows\SYSTEM32\DNSAPI.dll
0x00007ff9444c0000 - 0x00007ff9444c9000 	C:\Windows\System32\NSI.dll
0x00007ff9187e0000 - 0x00007ff9187f1000 	C:\Windows\System32\winrnr.dll
0x00007ff924490000 - 0x00007ff9244a5000 	C:\Windows\system32\wshbth.dll
0x00007ff9187b0000 - 0x00007ff9187d7000 	C:\Windows\system32\nlansp_c.dll
0x00007ff936790000 - 0x00007ff93679a000 	C:\Windows\System32\rasadhlp.dll
0x00007ff9300f0000 - 0x00007ff9300fa000 	C:\Users\kpukpu\AppData\Local\Programs\Python\Python312\DLLs\_wmi.pyd
0x00007ff93c950000 - 0x00007ff93ca51000 	C:\Windows\SYSTEM32\PROPSYS.dll
0x00007ff92fe70000 - 0x00007ff92fe7c000 	C:\Users\kpukpu\AppData\Local\Programs\Python\Python312\VCRUNTIME140_1.dll
0x00007ff940950000 - 0x00007ff940968000 	C:\Windows\SYSTEM32\kernel.appcore.dll
0x00007ff92f5c0000 - 0x00007ff92f5fc000 	C:\Users\kpukpu\AppData\Local\Programs\Python\Python312\Lib\site-packages\yaml\_yaml.cp312-win_amd64.pyd
0x00007ff92f5b0000 - 0x00007ff92f5b7000 	C:\Users\kpukpu\AppData\Local\Programs\Python\Python312\Lib\site-packages\charset_normalizer\md.cp312-win_amd64.pyd
0x00007ff92ee60000 - 0x00007ff92ee83000 	C:\Users\kpukpu\AppData\Local\Programs\Python\Python312\Lib\site-packages\charset_normalizer\md__mypyc.cp312-win_amd64.pyd
0x00007ff92e4e0000 - 0x00007ff92e501000 	C:\Users\kpukpu\AppData\Local\Programs\Python\Python312\DLLs\_elementtree.pyd
0x00007ff92e4a0000 - 0x00007ff92e4d2000 	C:\Users\kpukpu\AppData\Local\Programs\Python\Python312\DLLs\pyexpat.pyd
0x00007ff900e40000 - 0x00007ff901119000 	C:\Users\kpukpu\AppData\Local\Programs\Python\Python312\Lib\site-packages\numpy\core\_multiarray_umath.cp312-win_amd64.pyd
0x00007ff899f80000 - 0x00007ff89c036000 	C:\Users\kpukpu\AppData\Local\Programs\Python\Python312\Lib\site-packages\numpy.libs\libopenblas64__v0.3.23-293-gc2f4bdbb-gcc_10_3_0-2bde3a66a51006b2b53eb373ff767a3f.dll
0x00007ff92f490000 - 0x00007ff92f4a4000 	C:\Users\kpukpu\AppData\Local\Programs\Python\Python312\Lib\site-packages\numpy\core\_multiarray_tests.cp312-win_amd64.pyd
0x00007ff92e800000 - 0x00007ff92e81d000 	C:\Users\kpukpu\AppData\Local\Programs\Python\Python312\Lib\site-packages\numpy\linalg\_umath_linalg.cp312-win_amd64.pyd
0x00007ff92e1d0000 - 0x00007ff92e1ee000 	C:\Users\kpukpu\AppData\Local\Programs\Python\Python312\Lib\site-packages\numpy\fft\_pocketfft_internal.cp312-win_amd64.pyd
0x00007ff92e050000 - 0x00007ff92e0e4000 	C:\Users\kpukpu\AppData\Local\Programs\Python\Python312\Lib\site-packages\numpy\random\mtrand.cp312-win_amd64.pyd
0x00007ff92dff0000 - 0x00007ff92e01b000 	C:\Users\kpukpu\AppData\Local\Programs\Python\Python312\Lib\site-packages\numpy\random\bit_generator.cp312-win_amd64.pyd
0x00007ff92ddf0000 - 0x00007ff92de1d000 	C:\Users\kpukpu\AppData\Local\Programs\Python\Python312\Lib\site-packages\numpy\random\_common.cp312-win_amd64.pyd
0x00007ff92d680000 - 0x00007ff92d6bd000 	C:\Users\kpukpu\AppData\Local\Programs\Python\Python312\Lib\site-packages\numpy\random\_bounded_integers.cp312-win_amd64.pyd
0x00007ff92dfd0000 - 0x00007ff92dfe6000 	C:\Users\kpukpu\AppData\Local\Programs\Python\Python312\Lib\site-packages\numpy\random\_mt19937.cp312-win_amd64.pyd
0x00007ff92ddd0000 - 0x00007ff92dde5000 	C:\Users\kpukpu\AppData\Local\Programs\Python\Python312\Lib\site-packages\numpy\random\_philox.cp312-win_amd64.pyd
0x00007ff92d660000 - 0x00007ff92d678000 	C:\Users\kpukpu\AppData\Local\Programs\Python\Python312\Lib\site-packages\numpy\random\_pcg64.cp312-win_amd64.pyd
0x00007ff92f2d0000 - 0x00007ff92f2e0000 	C:\Users\kpukpu\AppData\Local\Programs\Python\Python312\Lib\site-packages\numpy\random\_sfc64.cp312-win_amd64.pyd
0x00007ff9289e0000 - 0x00007ff928a8d000 	C:\Users\kpukpu\AppData\Local\Programs\Python\Python312\Lib\site-packages\numpy\random\_generator.cp312-win_amd64.pyd
0x00007ff92ee50000 - 0x00007ff92ee59000 	C:\Users\kpukpu\AppData\Local\Programs\Python\Python312\Lib\site-packages\matplotlib\_c_internal_utils.cp312-win_amd64.pyd
0x00007ff9433f0000 - 0x00007ff943c4c000 	C:\Windows\System32\SHELL32.dll
0x00007ff912720000 - 0x00007ff912960000 	C:\Users\kpukpu\AppData\Local\Programs\Python\Python312\Lib\site-packages\PIL\_imaging.cp312-win_amd64.pyd
0x00007ff9289b0000 - 0x00007ff9289d7000 	C:\Users\kpukpu\AppData\Local\Programs\Python\Python312\Lib\site-packages\matplotlib\_path.cp312-win_amd64.pyd
0x00007ff91e2d0000 - 0x00007ff91e36b000 	C:\Users\kpukpu\AppData\Local\Programs\Python\Python312\Lib\site-packages\matplotlib.libs\msvcp140-456d948669199b545d061b84c160bebc.dll
0x00007ff918200000 - 0x00007ff918299000 	C:\Users\kpukpu\AppData\Local\Programs\Python\Python312\Lib\site-packages\matplotlib\ft2font.cp312-win_amd64.pyd
0x00007ff928980000 - 0x00007ff9289a1000 	C:\Users\kpukpu\AppData\Local\Programs\Python\Python312\Lib\site-packages\kiwisolver\_cext.cp312-win_amd64.pyd
0x00007ff91e800000 - 0x00007ff91e88d000 	C:\Windows\SYSTEM32\MSVCP140.dll
0x00007ff8ff0c0000 - 0x00007ff8ff27c000 	C:\Users\kpukpu\AppData\Local\Programs\Python\Python312\Lib\site-packages\PIL\_imagingft.cp312-win_amd64.pyd
0x00007ff91e2a0000 - 0x00007ff91e2c7000 	C:\Users\kpukpu\AppData\Local\Programs\Python\Python312\Lib\site-packages\wordcloud\query_integral_image.cp312-win_amd64.pyd
0x00007ff917e80000 - 0x00007ff917ea8000 	C:\Users\kpukpu\AppData\Local\Programs\Python\Python312\Lib\site-packages\matplotlib\_image.cp312-win_amd64.pyd
0x00007ff9154f0000 - 0x00007ff915566000 	C:\Users\kpukpu\AppData\Local\Programs\Python\Python312\Lib\site-packages\_jpype.cp312-win_amd64.pyd
0x00007ff8a3270000 - 0x00007ff8a3668000 	C:\Users\kpukpu\AppData\Local\Programs\Python\Python312\Lib\site-packages\lxml\etree.cp312-win_amd64.pyd
0x00007ff917e50000 - 0x00007ff917e79000 	C:\Users\kpukpu\AppData\Local\Programs\Python\Python312\Lib\site-packages\lxml\_elementpath.cp312-win_amd64.pyd
0x00007ff9112e0000 - 0x00007ff911348000 	C:\Users\kpukpu\AppData\Local\Programs\Python\Python312\Lib\site-packages\ml_dtypes\_ml_dtypes_ext.cp312-win_amd64.pyd
0x00007ff92de70000 - 0x00007ff92de76000 	C:\Users\kpukpu\AppData\Local\Programs\Python\Python312\Lib\site-packages\jaxlib\cpu_feature_guard.pyd
0x00007ff917e20000 - 0x00007ff917e41000 	C:\Users\kpukpu\AppData\Local\Programs\Python\Python312\Lib\site-packages\jaxlib\utils.pyd
0x00007ff878a00000 - 0x00007ff87eb64000 	C:\Users\kpukpu\AppData\Local\Programs\Python\Python312\Lib\site-packages\jaxlib\xla_extension.pyd
0x00007ff942fe0000 - 0x00007ff942fe8000 	C:\Windows\System32\Normaliz.dll
0x00007ff93ea70000 - 0x00007ff93eca2000 	C:\Windows\SYSTEM32\dbghelp.dll
0x00007ff941070000 - 0x00007ff94107c000 	C:\Windows\SYSTEM32\CRYPTBASE.DLL
0x00007ff942e60000 - 0x00007ff942f10000 	C:\Windows\System32\clbcatq.dll
0x00007ff8f8410000 - 0x00007ff8f85b4000 	C:\Users\kpukpu\AppData\Local\Programs\Python\Python312\Lib\site-packages\jaxlib\mlir\_mlir_libs\_mlir.pyd
0x00007ff89eaf0000 - 0x00007ff89ff1d000 	C:\Users\kpukpu\AppData\Local\Programs\Python\Python312\Lib\site-packages\jaxlib\mlir\_mlir_libs\jaxlib_mlir_capi.dll
0x00007ff8a2560000 - 0x00007ff8a2d9d000 	C:\Users\kpukpu\AppData\Local\Programs\Python\Python312\Lib\site-packages\jaxlib\mlir\_mlir_libs\_stablehlo.pyd
0x00007ff912fa0000 - 0x00007ff912fcb000 	C:\Users\kpukpu\AppData\Local\Programs\Python\Python312\Lib\site-packages\jaxlib\cpu\_lapack.pyd
0x00007ff911250000 - 0x00007ff9112d4000 	C:\Users\kpukpu\AppData\Local\Programs\Python\Python312\Lib\site-packages\jaxlib\cpu\_ducc_fft.pyd
0x00007ff9126c0000 - 0x00007ff91271c000 	C:\Users\kpukpu\AppData\Local\Programs\Python\Python312\Lib\site-packages\jaxlib\mlir\_mlir_libs\_tpu_ext.pyd
0x00007ff911220000 - 0x00007ff911246000 	C:\Users\kpukpu\AppData\Local\Programs\Python\Python312\Lib\site-packages\jaxlib\mlir\_mlir_libs\register_jax_dialects.pyd
0x00007ff9111f0000 - 0x00007ff91121a000 	C:\Users\kpukpu\AppData\Local\Programs\Python\Python312\Lib\site-packages\jaxlib\mlir\_mlir_libs\_chlo.pyd
0x00007ff910e90000 - 0x00007ff910ed9000 	C:\Users\kpukpu\AppData\Local\Programs\Python\Python312\Lib\site-packages\jaxlib\mlir\_mlir_libs\_mlirHlo.pyd
0x00007ff910490000 - 0x00007ff9104d2000 	C:\Users\kpukpu\AppData\Local\Programs\Python\Python312\Lib\site-packages\jaxlib\mlir\_mlir_libs\_mlirDialectsSparseTensor.pyd
0x00007ff92d640000 - 0x00007ff92d660000 	C:\Users\kpukpu\AppData\Local\Programs\Python\Python312\Lib\site-packages\jaxlib\mlir\_mlir_libs\_mlirSparseTensorPasses.pyd
0x00007ff93ee60000 - 0x00007ff93ef0b000 	C:\Windows\system32\uxtheme.dll
0x00007ff916f50000 - 0x00007ff916f6d000 	C:\Windows\SYSTEM32\amsi.dll
0x00007ff940ee0000 - 0x00007ff940f08000 	C:\Windows\SYSTEM32\USERENV.dll
0x00007ff941900000 - 0x00007ff941921000 	C:\Windows\SYSTEM32\profapi.dll
0x00007ff916d40000 - 0x00007ff916dc1000 	C:\ProgramData\Microsoft\Windows Defender\Platform\4.18.24040.4-0\MpOav.dll
0x00007ff90ae20000 - 0x00007ff90ae7c000 	C:\Users\kpukpu\AppData\Local\Programs\Python\Python312\Lib\site-packages\torch\lib\asmjit.dll
0x00007ff8ebe10000 - 0x00007ff8ec025000 	C:\Users\kpukpu\AppData\Local\Programs\Python\Python312\Lib\site-packages\torch\lib\c10.dll
0x00007ff8a2090000 - 0x00007ff8a2560000 	C:\Users\kpukpu\AppData\Local\Programs\Python\Python312\Lib\site-packages\torch\lib\fbgemm.dll
0x00007ff910e50000 - 0x00007ff910e82000 	C:\Windows\SYSTEM32\VCOMP140.DLL
0x00007ff8d3f20000 - 0x00007ff8d4129000 	C:\Users\kpukpu\AppData\Local\Programs\Python\Python312\Lib\site-packages\torch\lib\libiomp5md.dll
0x00007ff92d890000 - 0x00007ff92d89d000 	C:\Users\kpukpu\AppData\Local\Programs\Python\Python312\Lib\site-packages\torch\lib\libiompstubs5md.dll
0x00007ff92c730000 - 0x00007ff92c739000 	C:\Users\kpukpu\AppData\Local\Programs\Python\Python312\Lib\site-packages\torch\lib\shm.dll
0x00007ff870cc0000 - 0x00007ff878a00000 	C:\Users\kpukpu\AppData\Local\Programs\Python\Python312\Lib\site-packages\torch\lib\torch_cpu.dll
0x00007ff8a2fb0000 - 0x00007ff8a326d000 	C:\Users\kpukpu\AppData\Local\Programs\Python\Python312\Lib\site-packages\torch\lib\uv.dll

VM Arguments:
jvm_args: -Dfile.encoding=UTF8 -ea -Xmx1024m 
java_command: <unknown>
java_class_path (initial): C:\Users\kpukpu\AppData\Local\Programs\Python\Python312\Lib\site-packages\konlpy\java;C:\Users\kpukpu\AppData\Local\Programs\Python\Python312\Lib\site-packages\konlpy\java\bin;C:\Users\kpukpu\AppData\Local\Programs\Python\Python312\Lib\site-packages\konlpy\java\aho-corasick.jar;C:\Users\kpukpu\AppData\Local\Programs\Python\Python312\Lib\site-packages\konlpy\java\jhannanum-0.8.4.jar;C:\Users\kpukpu\AppData\Local\Programs\Python\Python312\Lib\site-packages\konlpy\java\kkma-2.0.jar;C:\Users\kpukpu\AppData\Local\Programs\Python\Python312\Lib\site-packages\konlpy\java\komoran-3.0.jar;C:\Users\kpukpu\AppData\Local\Programs\Python\Python312\Lib\site-packages\konlpy\java\open-korean-text-2.1.0.jar;C:\Users\kpukpu\AppData\Local\Programs\Python\Python312\Lib\site-packages\konlpy\java\scala-library-2.12.3.jar;C:\Users\kpukpu\AppData\Local\Programs\Python\Python312\Lib\site-packages\konlpy\java\shineware-common-1.0.jar;C:\Users\kpukpu\AppData\Local\Programs\Python\Python312\Lib\site-packages\konlpy\java\shineware-ds-1.0.jar;C:\Users\kpukpu\AppData\Local\Programs\Python\Python312\Lib\site-packages\konlpy\java\snakeyaml-1.12.jar;C:\Users\kpukpu\AppData\Local\Programs\Python\Python312\Lib\site-packages\konlpy\java\twitter-text-1.14.7.jar;C:\Users\kpukpu\AppData\Local\Programs\Python\Python312\Lib\site-packages\konlpy\java\jhannanum-0.8.4.jar;C:\Users\kpukpu\AppData\Local\Programs\Python\Python312\Lib\site-packages\konlpy\java\kkma-2.0.jar;C:\Users\kpukpu\AppData\Local\Programs\Python\Python312\Lib\site-packages\konlpy\java\aho-corasick.jar;C:\Users\kpukpu\AppData\Local\Programs\Python\Python312\Lib\site-packages\konlpy\java\shineware-common-1.0.jar;C:\Users\kpukpu\AppData\Local\Programs\Python\Python312\Lib\site-packages\konlpy\java\shineware-ds-1.0.jar;C:\Users\kpukpu\AppData\Local\Programs\Python\Python312\Lib\site-packages\konlpy\java\komoran-3.0.jar;C:\Users\kpukpu\AppData\Local\Programs\Python\Python312\Lib\site-packages\konlpy\java\snakeyaml-1.12
Launcher Type: generic

Environment Variables:
JAVA_HOME=C:\Program Files\Java\jdk1.8.0_202\
CLASSPATH=C:\Program Files\Java\jdk1.8.0_202\\lib
PATH=C:\Program Files (x86)\Common Files\Oracle\Java\javapath;C:\Windows\system32;C:\Windows;C:\Windows\System32\Wbem;C:\Windows\System32\WindowsPowerShell\v1.0\;C:\Windows\System32\OpenSSH\;C:\Program Files\Java\jdk1.8.0_202\\bin;C:\Program Files (x86)\Windows Kits\10\Windows Performance Toolkit\;C:\Program Files\Git\cmd;C:\Program Files\nodejs\;C:\Program Files\MySQL\MySQL Shell 8.0\bin\;C:\Users\kpukpu\AppData\Local\Programs\Python\Python312\Scripts\;C:\Users\kpukpu\AppData\Local\Programs\Python\Python312\;C:\Users\kpukpu\AppData\Local\Programs\Python\Launcher\;C:\Users\kpukpu\AppData\Local\Microsoft\WindowsApps;C:\Users\kpukpu\AppData\Local\Programs\Microsoft VS Code\bin;C:\Program Files\Java\jdk-17\bin\;C:\Users\kpukpu\AppData\Roaming\npm
USERNAME=kpukpu
OS=Windows_NT
PROCESSOR_IDENTIFIER=Intel64 Family 6 Model 186 Stepping 3, GenuineIntel



---------------  S Y S T E M  ---------------

OS: Windows 10.0 , 64 bit Build 22621 (10.0.22621.3527)

CPU:total 12 (initial active 12) (6 cores per cpu, 2 threads per core) family 6 model 186 stepping 3, cmov, cx8, fxsr, mmx, sse, sse2, sse3, ssse3, sse4.1, sse4.2, popcnt, avx, avx2, aes, clmul, erms, 3dnowpref, lzcnt, ht, tsc, tscinvbit, bmi1, bmi2, adx

Memory: 4k page, physical 16450444k(6384288k free), swap 21176072k(4600976k free)

vm_info: Java HotSpot(TM) 64-Bit Server VM (25.202-b08) for windows-amd64 JRE (1.8.0_202-b08), built on Dec 15 2018 19:54:30 by "java_re" with MS VC++ 10.0 (VS2010)

time: Sat May 25 04:32:42 2024
timezone: 대한민국 표준시
elapsed time: 0 seconds (0d 0h 0m 0s)

